0.0
0.0
0.0
0.0
0.0
0.0
0.0
0.0
0.0
0.0
1.0
0.0
0.0
1.0
0.0
0.0
0.0
1.0
0.0
0.0
0.0
0.0
0.0
1.0
1.0
1.0
0.0
0.0
0.0
0.0
0.0
1.0
0.0
0.0
1.0
0.0
0.0
0.0
0.0
1.0
0.0
1.0
1.0
0.0
1.0
1.0
0.0
1.0
1.0
0.0
0.0
1.0
0.0
1.0
1.0
0.0
1.0
0.0
1.0
0.0
1.0
0.0
1.0
0.0
1.0
0.0
1.0
0.0
1.0
0.0
1.0
0.0
1.0
0.0
1.0
0.0
0.0
1.0
0.0
0.0
1.0
0.0
0.0
0.0
0.0
1.0
1.0
1.0
1.0
0.0
0.0
0.0
0.0
0.0
0.0
0.0
0.0
0.0
0.0
1.0
1.0
1.0
0.0
1.0
1.0
1.0
1.0
0.0
1.0
1.0
1.0
1.0
1.0
1.0
1.0
1.0
1.0
1.0
0.0
1.0
1.0
1.0
1.0
1.0
1.0
1.0
1.0
1.0
1.0
1.0
1.0
1.0
2.0
2.0
1.0
1.0
1.0
1.0
1.0
1.0
1.0
1.0
2.0
2.0
2.0
2.0
2.0
2.0
2.0
2.0
2.0
3.0
2.0
2.0
3.0
2.0
2.0
2.0
2.0
2.0
4.0
3.0
2.0
3.0
3.0
3.0
3.0
3.0
3.0
3.0
3.0
3.0
3.0
3.0
3.0
3.0
3.0
4.0
3.0
4.0
4.0
4.0
5.0
4.0
4.0
4.0
4.0
4.0
5.0
4.0
4.0
5.0
5.0
4.0
5.0
5.0
5.0
5.0
5.0
5.0
6.0
5.0
5.0
5.0
5.0
7.0
6.0
6.0
5.0
6.0
7.0
6.0
6.0
6.0
6.0
6.0
7.0
6.0
6.0
7.0
7.0
7.0
7.0
7.0
8.0
7.0
7.0
8.0
8.0
7.0
8.0
8.0
8.0
7.0
8.0
8.0
10.0
9.0
9.0
9.0
9.0
9.0
9.0
9.0
10.0
9.0
10.0
10.0
10.0
10.0
10.0
10.0
10.0
10.0
10.0
10.0
10.0
11.0
11.0
11.0
12.0
11.0
11.0
12.0
12.0
11.0
12.0
13.0
13.0
12.0
13.0
13.0
12.0
13.0
13.0
13.0
13.0
13.0
13.0
13.0
14.0
15.0
14.0
15.0
14.0
14.0
15.0
15.0
15.0
15.0
16.0
16.0
15.0
15.0
15.0
17.0
17.0
16.0
17.0
19.0
17.0
16.0
18.0
18.0
18.0
18.0
18.0
18.0
18.0
18.0
19.0
19.0
19.0
19.0
21.0
19.0
19.0
19.0
20.0
20.0
20.0
20.0
20.0
21.0
21.0
21.0
21.0
22.0
24.0
22.0
22.0
24.0
23.0
23.0
23.0
23.0
23.0
23.0
24.0
24.0
24.0
24.0
25.0
25.0
26.0
26.0
27.0
25.0
26.0
26.0
26.0
27.0
28.0
28.0
27.0
28.0
28.0
28.0
29.0
28.0
29.0
29.0
29.0
30.0
30.0
30.0
31.0
31.0
30.0
31.0
31.0
31.0
37.0
31.0
33.0
33.0
34.0
34.0
35.0
34.0
34.0
36.0
36.0
35.0
34.0
34.0
35.0
35.0
37.0
34.0
38.0
38.0
37.0
38.0
38.0
38.0
38.0
37.0
42.0
40.0
39.0
40.0
44.0
39.0
40.0
41.0
42.0
41.0
42.0
42.0
43.0
42.0
44.0
45.0
44.0
45.0
44.0
45.0
44.0
45.0
47.0
47.0
46.0
46.0
46.0
48.0
49.0
50.0
48.0
46.0
48.0
50.0
49.0
47.0
51.0
51.0
51.0
50.0
52.0
52.0
54.0
53.0
54.0
54.0
53.0
54.0
55.0
55.0
56.0
58.0
56.0
59.0
57.0
55.0
56.0
56.0
57.0
59.0
60.0
58.0
59.0
58.0
62.0
60.0
61.0
59.0
62.0
64.0
63.0
63.0
63.0
63.0
65.0
64.0
65.0
65.0
65.0
67.0
66.0
66.0
67.0
69.0
68.0
67.0
70.0
68.0
72.0
71.0
75.0
71.0
77.0
72.0
72.0
73.0
82.0
74.0
74.0
75.0
82.0
76.0
76.0
74.0
88.0
78.0
77.0
77.0
82.0
78.0
81.0
80.0
80.0
79.0
81.0
86.0
81.0
84.0
91.0
80.0
83.0
83.0
84.0
81.0
85.0
88.0
86.0
85.0
95.0
87.0
97.0
91.0
89.0
86.0
99.0
88.0
92.0
97.0
91.0
90.0
99.0
94.0
93.0
93.0
93.0
94.0
98.0
96.0
98.0
98.0
98.0
100.0
100.0
100.0
108.0
98.0
100.0
110.0
101.0
103.0
104.0
102.0
114.0
104.0
106.0
110.0
115.0
104.0
113.0
105.0
109.0
114.0
110.0
107.0
116.0
109.0
112.0
118.0
128.0
155.0
132.0
116.0
118.0
114.0
115.0
125.0
119.0
117.0
133.0
126.0
124.0
121.0
122.0
126.0
124.0
123.0
132.0
129.0
169.0
126.0
141.0
128.0
154.0
141.0
143.0
165.0
134.0
143.0
139.0
150.0
157.0
128.0
162.0
146.0
168.0
154.0
146.0
157.0
139.0
146.0
137.0
150.0
142.0
158.0
142.0
168.0
146.0
188.0
166.0
179.0
164.0
166.0
174.0
202.0
162.0
194.0
172.0
184.0
175.0
176.0
243.0
190.0
174.0
183.0
162.0
232.0
224.0
193.0
176.0
187.0
198.0
187.0
255.0
384.0
215.0
268.0
240.0
224.0
222.0
260.0
204.0
193.0
248.0
245.0
301.0
217.0
218.0
226.0
225.0
241.0
281.0
216.0
217.0
224.0
270.0
238.0
213.0
243.0
277.0
283.0
246.0
253.0
237.0
254.0
300.0
251.0
239.0
226.0
303.0
255.0
248.0
234.0
293.0
298.0
355.0
338.0
370.0
280.0
277.0
303.0
276.0
256.0
302.0
266.0
270.0
301.0
281.0
255.0
262.0
330.0
264.0
258.0
292.0
321.0
283.0
266.0
291.0
317.0
318.0
277.0
277.0
283.0
288.0
307.0
290.0
301.0
438.0
335.0
315.0
352.0
354.0
318.0
347.0
314.0
300.0
313.0
350.0
434.0
316.0
327.0
314.0
321.0
318.0
353.0
327.0
335.0
344.0
366.0
364.0
374.0
429.0
371.0
374.0
368.0
373.0
372.0
369.0
358.0
362.0
348.0
410.0
366.0
371.0
360.0
381.0
372.0
416.0
414.0
373.0
378.0
375.0
389.0
382.0
392.0
414.0
388.0
485.0
464.0
433.0
454.0
459.0
478.0
473.0
431.0
426.0
424.0
420.0
422.0
424.0
421.0
432.0
459.0
427.0
427.0
467.0
501.0
525.0
515.0
457.0
431.0
560.0
474.0
456.0
506.0
482.0
650.0
509.0
609.0
479.0
468.0
564.0
495.0
488.0
485.0
493.0
503.0
493.0
578.0
546.0
556.0
653.0
540.0
568.0
573.0
606.0
550.0
559.0
584.0
594.0
562.0
589.0
565.0
548.0
600.0
577.0
592.0
714.0
659.0
565.0
620.0
618.0
671.0
674.0
628.0
605.0
633.0
674.0
572.0
573.0
578.0
620.0
616.0
598.0
580.0
615.0
577.0
604.0
601.0
608.0
637.0
745.0
682.0
656.0
642.0
635.0
746.0
803.0
850.0
792.0
751.0
725.0
748.0
635.0
662.0
696.0
744.0
678.0
720.0
696.0
662.0
705.0
812.0
742.0
762.0
856.0
718.0
867.0
725.0
706.0
800.0
841.0
865.0
939.0
804.0
747.0
744.0
739.0
736.0
752.0
762.0
790.0
798.0
800.0
777.0
809.0
794.0
821.0
823.0
830.0
876.0
834.0
878.0
854.0
829.0
876.0
877.0
979.0
897.0
927.0
908.0
987.0
933.0
952.0
971.0
982.0
1045.0
1080.0
1106.0
1040.0
944.0
1261.0
1149.0
1328.0
936.0
1046.0
987.0
1043.0
1180.0
1596.0
1113.0
906.0
906.0
918.0
917.0
940.0
948.0
946.0
971.0
998.0
966.0
962.0
938.0
985.0
978.0
1003.0
1006.0
954.0
1077.0
1112.0
1010.0
958.0
1081.0
1230.0
1156.0
1191.0
1010.0
1082.0
1135.0
1042.0
1044.0
1073.0
1235.0
1096.0
1101.0
1013.0
1029.0
1066.0
1045.0
1101.0
1095.0
1182.0
1136.0
1166.0
1082.0
1146.0
1057.0
1186.0
1098.0
1111.0
1076.0
1104.0
1187.0
1165.0
1372.0
1377.0
1234.0
1227.0
1314.0
1145.0
1237.0
1219.0
