1000
0.005785453613094235
0.22898294421262283
-0.02068523786691783
0.021646324578800162
0.07059014438084224
-2.2459877126539585E-4
-0.2211550485568661
0.01907342633644437
-0.46446013620673154
0.04548844780892323
-0.30382669979925725
-0.12904401363358017
-0.05067614584005709
-0.001969092988456469
-0.10631161338338266
0.03605402317790418
-0.0022603232690482145
-0.13918430418126218
-0.3479502874310607
-0.006811164788878664
0.06195996950861033
-0.25104111738181845
0.15955083600520079
-0.3548265118851504
0.06342786091034097
0.22646344713792066
-0.02089685911986194
-0.08080629323084666
0.1430864590828623
0.0205510221242769
0.1970317729331817
-0.09093869991084692
0.18070862815224087
0.052735385924923696
-0.08708196709023053
0.004066447654977525
0.08193014282610397
0.16096522269075392
0.12282819816696036
-0.10355246958783025
-0.010729464648860135
-0.017669486301874607
0.14467463967271899
0.13441833378619997
-0.14373940989831605
0.23625230421158744
-0.0927102196805887
-0.11240883680785607
-0.05812024370645962
0.009767127820245055
-0.053571680114443694
-0.14566982821443644
0.08444498016560532
0.004777257097916031
-0.008148591545280144
-0.2168889146113266
0.01993132930030917
0.16646825052191958
0.047614927763092764
-0.0017709452196124473
0.09629680641001015
0.09574612459698603
-0.055465382391648846
-0.05438765506121993
0.03612707483710218
-0.18760472157203872
-0.04134528589040533
-0.053076877665792964
0.08246132556273729
0.17099804199713012
-0.12469696802383358
0.2777425541507074
-0.06038238630917158
-0.08816426182766819
0.12733129139674257
0.06916877402217678
0.2782871272996777
-0.2621674680529656
-0.025377390935909176
-0.0727357555130142
-0.05924294101862976
-0.36189390514410347
0.12191046948218526
0.05404031399733587
0.023073738387767592
-0.10000481796381537
0.047837095913471565
0.15157112455798502
0.18792501591155994
0.1699804514727356
-0.1678218756090322
-0.1636092415357029
-0.06373055186280747
-0.06203852029718533
0.216615943182182
0.2882189881629158
-0.04671499083989808
0.38216156180719546
0.12560572776987824
0.11331836636086785
-0.16296310745626136
0.1552567007129132
0.012208113803131304
-0.2910722044189643
0.13818125840923992
-0.08766747408934836
0.15793645417317745
0.004356338733425166
-0.09403492240024368
-0.08737238459724057
0.012244436056239328
0.21561009290364286
0.09923019125725976
-0.17359708412561956
0.1435601797023211
-0.0030569236268084706
0.08131262997608833
-0.035223046292660334
0.04598000491769329
-0.44502402224618887
-0.06148082214492684
0.16488255530665474
0.15409037653270433
-0.2530263717929445
0.1422015442246707
-0.4106175916224549
-0.149511819335664
-0.0952087748586441
-0.12766308218082487
0.05973330940378994
0.30760313636657277
0.10944589900215955
-0.031945172916741246
-0.011021594396399777
-0.005024363543642097
0.16733706695331052
0.32258005506346976
-0.07573672876607108
-0.14548113098077003
0.0369202690684412
-0.05746030492316818
0.004671360588270878
-0.04379102374742386
0.09539522254023337
0.06238669422290233
-0.05717201993981291
-0.18856432599320716
0.011420606648893347
0.09556910361166966
-0.057008446233168114
0.009475287802555018
-0.1797744058247387
-0.19345616175133626
0.19417132198646514
0.008607784712578817
0.20875753372259137
-0.10226339825250796
-0.12696114828636135
-0.11768273548910008
0.013393634078315205
-0.073951567637866
0.03931516398444528
0.04295680375046596
-0.04178734753286723
0.19357567202794065
-0.075185115294934
-0.12848518362088365
0.007567083038254019
-0.09123185687202345
-0.2068104911384307
-0.10187017669113178
-0.2907929076965838
-0.0690247609443356
0.04840543292206308
-0.17386559549579078
-0.09899685060944641
0.07914988775508809
0.009489660294891959
-0.05933788690774087
0.08754954442901372
0.04266902107430736
-0.15996788153997232
0.046361547971525786
-0.0901744828302019
0.13308320247493222
0.05786032470491604
0.11441721050248387
0.17198149660545534
-0.07441834134408652
0.10584511522354766
-0.19170254254146465
0.051891913412571496
-0.07362584415295909
-0.17396430351619188
0.014559968466913372
-0.09029035153750223
0.21506231584743296
0.1999326467189166
0.0867127269343504
-0.16070461891442533
0.1568313229200251
0.08363989260838067
0.004079753421011584
0.17978907642877817
-0.3081227312274045
0.032678788773432894
-0.13350880674807242
0.10766065768267694
-0.3249905498952196
0.2033748259608324
0.05788496748280754
-0.04927127214013293
-0.23415015889253601
-0.02662391763590215
-0.21032017609672646
0.20054652477255255
-0.0026615252208725833
0.1156679256634397
-0.03497085160541469
-0.06645465978663559
0.04979777231378807
0.28573451344386874
-0.16858623946266607
0.04774138556673262
-0.12162963121554858
-0.10661146137414494
-0.025112272038212605
-0.24686143097185193
0.22849408724914605
0.13944865862271097
0.1531196093131257
-0.4161691055265805
0.0750102911263272
-0.04390724873487081
0.20855995515238324
0.23239542595626914
-0.0065507588322568705
-0.024998571353928536
0.15356737220175462
-0.05584155321799025
-0.01860364876359321
-0.23524639432355293
0.11750473099408604
0.014347616620647015
0.07944111781954194
0.023904107119859255
0.06412432084425054
-0.020468820464505978
-0.1961155615569636
-0.35903694085183274
-0.17798130058824588
0.0788383772817752
0.05616803559298902
0.16794422144166518
-0.1347546628815804
-0.16658496417569807
-0.011220490496356143
0.05597632244526257
-0.0974089019533516
-0.07765581875159686
-0.39665439978937594
0.002752123632210038
-0.0662735235855038
0.11544131107903517
-0.09591489673324645
0.16650226634813245
-0.07116273539875066
0.0772136075096203
-0.07461683003473554
-0.0032317782345928467
-0.12146712434078781
-0.14119139713703516
-0.057716611841816756
-0.10361621061222166
-0.11050015073531201
0.25964509294754584
0.34120400271149826
-0.1345781155832149
-0.043304375439532625
0.015949336137891665
0.04536596311282235
-0.19185198110457072
-0.012081388049589985
0.12320289896968005
-0.06715568060742563
0.168366603839674
-0.05848522568667992
-0.03183341670360716
0.08941062579723737
0.328912176180682
-0.042169021486707425
-0.05029027055273952
-0.06990143038961265
-0.014697929371637546
0.16969453777477175
0.2512728566969114
0.17671350800990793
0.15752733912385547
-0.17754381744693043
-0.009025806299156005
-0.22493272369119524
0.06706348852987382
0.11552376489122804
0.07580632519228574
0.09795323427730274
-0.16498924153714067
-0.05680176838660242
0.04611412079276876
-0.07025737808165361
-0.2824122899284638
0.10503988809046233
-0.182527386839487
-0.04670416297294242
0.035166565126050306
0.1038193089990604
-0.09875853695918425
-0.1715825655149099
0.36896692726205893
0.15462894650325743
0.001768946043474243
0.1959765844339905
-0.3147176136363572
-0.13258588317307526
0.10365809558791705
-0.003233123946946507
-0.09559032556918154
0.12872534005863767
0.050403370921290415
-0.033659982657757846
0.2525964142737085
0.11396293775748499
0.2916489111098788
0.025055177391693433
0.22502432786089654
0.05367766815040697
-0.11428101419928677
0.028412992060902958
0.06717535417802849
0.33064222832850837
0.13709108035557505
-0.053059514833585654
-0.0895317866588208
0.14482376599692698
0.2595205464909146
0.10476895929841055
-0.07956310310388909
0.07902226109905677
0.07738770159393087
-0.09246146744484394
-0.2522804817898141
0.14658590102167907
0.09584214379534725
0.05702627443470333
-0.022781295306494465
0.06497643022940898
-0.06227143393213928
-0.1877152860970434
0.06022305137558635
0.15439135589147399
0.0869699304302805
-0.17708692638596404
-0.09159545476833052
0.006607820066724352
0.0344893781955332
0.1516511500560442
0.05133962031192988
0.18999837900897287
-0.15872658033106585
0.05565449588141205
-0.15749786609292998
0.3593875076613271
0.07538215086390603
0.11118416071588905
0.2058450914940389
-0.20276867341247273
0.27218643289732375
0.11451006698021057
0.032959918056542074
0.08147392093684236
-0.0789334603488456
-0.05764455829391322
0.10908166311692558
0.230315361212651
-0.18263118395393474
0.017814424267166725
0.12161773283089441
-0.03254489637232456
-0.24353768521773983
0.39274691689101127
-0.15022128180679897
0.06810263915739688
-0.20057553473803524
-0.16650675781785346
-0.21325489309154966
0.10290693675465068
0.33663913728696326
0.04142099286945487
0.09527638723254399
0.009836704378039138
0.04340676083824953
-0.03443459597652004
-0.0627290435222272
-0.0942773074727143
0.02693124871185793
0.09340934051808772
0.20628708284532155
0.08995076006475122
-0.06171328397149898
0.23904869323598077
0.09606731474176328
0.1271797579417738
0.005648090467558306
-0.12010670832488135
0.09942053376304527
0.27100709071284884
-0.035323589984904445
0.04757450462038315
0.12449225058981099
0.055284283962729566
-0.044971858018325095
0.1510583079854992
-0.044698383268466056
0.07357089784123377
0.19513795642100287
-0.17027079090546648
-0.15067989498502726
-0.12958818273794193
0.06163937522970677
-0.10325083238249062
-0.18054457792496392
0.0013452115236004336
0.07577818408132013
0.18017700957324184
0.09468756427182687
0.30143275329065444
-0.048109317994124774
-0.015052611328262603
0.0931687797631782
0.16926487344765884
0.11613034165393868
6.092802377977418E-5
0.07634628547978375
0.14887274786250643
0.04606093215268454
0.23252173123506367
0.3099937206241123
0.25897011570174616
-0.2603230646658105
-0.18160038482180355
0.19566951630978777
-0.1705893746875125
0.07145002756443873
-0.21679611784288033
0.039578457086238465
-0.3645355721727841
0.0745307707568983
-0.10414292132152608
-0.14001291497012378
0.15113663171796
-0.0717776388365049
-0.08130213553478498
-0.24091086557435315
0.10264985418946612
0.07020220764247312
0.07177230901525439
0.1689014759325885
-0.03919659443959722
0.05468187859405044
0.28803387980894124
0.11882006194454667
0.05189655037140062
-0.0043918667340802605
-0.07427291515125205
0.10037081539391932
0.042884033934170174
0.11903518663346015
-0.049343529927744476
-0.14136730854353016
-0.08585897718404249
0.15328216321244534
0.2351502824283308
0.0170304407982831
0.12301077116018339
-0.08050207511615061
-0.24576691556567232
0.08609436544632142
0.014686681188738376
0.10941483519873942
-0.023057549411533235
0.1308476552215368
0.2319323011889685
0.08384587760812985
0.23336694437934327
-0.1908705135363519
-0.1491317354461831
-0.1518505304150749
-0.019213767791121685
-0.05362604854870696
-0.1886617745004609
0.3391610395635784
0.008446388091780912
-0.09769811235904333
0.07373202350624794
-0.04302394706085623
-0.10026347200608653
0.01942375103436542
-0.118577060097712
0.12028170387346591
0.23015097309537097
-0.1614094283059863
0.06044917018288552
-0.14357241382054195
0.0352554398520973
0.13942430180552265
-0.06266065786249594
-0.10777703487169238
-0.07486373073091382
0.01814639508288639
-0.18173579199432438
0.0025706586731359476
-0.03389887962033155
0.1658026985570762
-0.016564303288248403
-0.40881579731496565
0.28309289099948326
-0.017166781336829983
0.02345704445020335
-0.24147935172156443
0.06609502955076652
-0.009092900463395174
0.24599235488222787
-0.08193207202956787
0.12094365473092517
-0.05924298793084019
0.015479658582663224
-0.020552437268679388
-0.030126029073083097
-0.21101479949611776
0.13496635484794223
-0.16959113036406992
0.2803713417888814
0.08465600030287528
-0.18436790518120913
0.09080696166849823
-0.01120826257878239
-0.0042347458300070195
0.04146265081856249
0.19054147546720354
-0.010661407887227511
-0.10413889258419906
-0.10771151215233807
0.2841907655902727
-0.06384065494099721
-0.11475147327517894
-0.22886726720859743
-0.05112605934622628
0.06451503238437915
0.19237788128954325
0.19030666523694698
0.1743092912411438
0.011476644309994692
-0.018991961980965484
-0.025833609319250894
0.16394369581308363
0.12242792207475423
-0.054315614384386805
-0.20193918020858892
-0.11593263524102246
-0.034843620200695195
0.15480905902564834
-0.015560270804030097
0.1432840096168714
0.08585016787326638
0.18216183879944345
0.01819946064681059
-0.052152743650417464
-0.30202119170519287
-0.07197099718546489
-0.06615380426626968
-0.131123351927175
0.03413380658739534
-0.13726234004790877
-0.22103419145594272
0.018495260799186508
-0.1315850717574869
-0.16165653510986927
0.2122448684260989
0.2446060725310066
-0.1185293830676882
0.07989560730043478
-0.04360044985632852
-0.05100395980726764
0.02775017254212722
-0.006903637519931711
0.06281634645371137
0.14636565224181658
-0.10634216248445631
0.15492373585222213
0.24949195085443446
-0.21625939990323875
-0.2118175127404081
0.0914627460588112
-0.270080546246002
-0.21471715093495233
-0.207641634898608
0.021074190913283563
-0.09137648919519609
-0.0240362889431508
0.04239951781428603
-0.03883343130413762
0.11775375939962762
0.1915424944423635
0.07976496757088748
-0.010601825679937095
-0.04681950457096159
0.10624571071696232
0.12108082252566871
-0.06487881486806274
0.07285388093562604
-0.21390540655867382
-0.057492455742365785
0.11460146664530202
-0.1552431854374172
-0.17240569282439855
-0.31598087506370076
-0.012862342237702483
-0.05089555093557319
-0.18702024005624346
-0.024457141901932787
-0.3312030423716034
-0.09420911219109528
0.18422641163397738
-0.03551865052552033
0.08186562878472665
-0.09262580811265193
0.07665397961917453
0.15353000675700273
0.08786733268976353
0.16466246927314052
0.012850433363069663
0.04229582868516534
0.0727141573571678
-0.06982436910027506
0.2515055945641124
-0.322888822525365
0.013371552231176882
-0.11661220435025
-0.05004603646810807
-0.22150565080889595
-0.2358069332493882
0.04069257544433913
-0.039261264286309466
0.108322082272304
0.05387917842300296
0.08085539018097572
0.026207593550081114
-0.11320080942037618
0.02236928305408476
0.061506475343318726
0.044330089490766
0.14666090353272634
-0.12544619461460638
-0.18279196012428098
-0.297457328321818
-0.10247127303268683
0.16667097380315143
-0.13272353861389097
-0.2018652043813452
0.01571333789806291
-0.07351378324452788
-0.05397011895422572
0.04135302903949424
-0.19392483898868104
0.021867464533986317
-0.09913674333006256
0.016205793554665185
-0.038905894589367364
-0.2696068297965785
0.048916815926663096
0.0017678655265951316
0.09583415843359841
-0.03732625756929503
0.08761019798652596
-0.0016595945464342354
0.019317592211713606
0.22054634495800196
0.2873564751533022
0.12134340764086575
0.1681169711515838
-0.16746833341557038
0.08961372796430186
0.02892378229912692
-0.003738767736028878
-0.012478320308039218
0.02051655878017824
0.09402140280385246
-0.18570746618965442
0.3145775042761974
0.07029147985515542
-0.17472154173211066
0.0807312727274878
0.15180426108073514
-0.0748124235429656
-0.09156604359689394
0.06779572556639443
0.060367107564298826
-0.07625191556619744
0.019100158359548095
-0.1084268327005794
0.15069465925589554
-0.04417657676070753
-0.22925560459924862
0.14755817146947864
-0.1557504929038133
-5.739885494362947E-4
-0.09789131546717703
-0.18487756733967126
-0.2142137576800723
-0.17185236372070545
0.054586680468852844
0.03650431068758204
0.045359609077811745
-0.06724068202663565
-0.1284308741054662
0.2840637807633448
0.10195369424047059
-0.08524666665233617
0.17146455019860687
-0.1320310712454482
-0.09468867692407672
0.18336468003342832
-0.04187113225256145
0.03399972766614026
-0.2908604057907907
0.14221388529859788
-0.079796223354866
0.14581339472987134
-6.490860416492769E-4
0.004661710449336433
0.27720287115062214
-0.041254454390903444
0.04732236843127921
-0.01951964684759223
-0.05743934038316689
0.3903658475825315
0.13835117036253752
0.13823600322792595
0.17828376041383057
0.013498087438138764
0.2501884704825506
-0.24911012697155765
-0.00945535159970577
0.050518338188061236
0.12537478355081463
0.08470646379269801
0.11479209963368255
-0.10332318069689349
0.19411426628148845
-0.11787104583656031
-0.1744228917694443
0.10244294902583971
-0.12557226037626895
-0.09653055351151699
-0.09312289751439352
0.06868219255963379
-0.04574843023081085
-0.1824253509911925
-0.07244891079751081
0.021772365814198738
0.03282605612469733
0.14268419939522456
0.07431234273193286
0.09233882194528985
0.010165053902734847
-0.028056700899201557
-0.09229125695717776
-0.20375000400548005
0.09217700626232204
-0.20716050921274282
-0.09498084289271823
0.16994121687020963
-0.11045590234805186
-0.08155132595054922
-0.07155196917167388
-0.2534900637852681
-0.268872258271314
0.0641561939099758
-0.1322429793370795
-0.06575765962066069
-0.17574040596560048
-0.05354916773421618
0.1188694686935055
-0.02058848585714335
0.11854389430429614
0.10495821275758777
0.0577779785474975
-0.039507549620321554
-0.01878170798713966
0.1966479962046518
0.055892540473291716
-0.21255437737884747
-0.04502770182833548
-0.41119738255144633
-0.11176872091479262
0.17424944570369014
-0.10952629112468963
0.3696335314815978
0.08554636586383016
0.1307682094552221
-0.091218120432123
0.07338242383201025
-0.26666303873278696
-0.14876333183556936
0.17485380962895092
0.07046469381491324
-0.054850956905124815
-0.10800716577213469
0.15126090975314904
0.17266398327949065
-0.11103609742808729
0.04675653432119521
-0.040498944591567027
-0.0042435734545476405
0.07005309439482522
-0.0896121631456675
-0.25018900743565736
0.25697650710096814
0.011628679275705925
0.06775765308372365
-0.13655448761624636
0.17731279836646807
-0.20571215053632433
-0.12922573825070635
0.052599504011217255
-0.14327536016564038
-0.09796647314868989
-0.09424507812116283
-0.22232095939456098
0.08342472638252361
0.061981168193696104
-0.04234598462659217
-0.016503366219646765
0.0017372109862000776
-6.768516210034429E-4
0.31745499021800827
-0.26212948720872975
-0.17495588855756805
0.1635505221027207
-0.1497305277567029
0.2632754741996529
0.4958045592521939
0.127570491366186
0.19703630007282788
0.17070613125963374
-0.03944963857510624
0.10942622843874501
0.02061929384247109
0.06365457728681258
-0.16315270127158496
-0.14660542507056312
0.24935696075375238
-0.06946460528957313
-0.14289947069069941
0.16057039170088003
0.10325026527253119
-0.056436683116489784
-0.11149022945822101
0.08290400748307603
0.05950717694710399
0.15602851306844515
-0.21912970456705275
0.05020485801370021
0.15863296455757453
0.2651114929101631
0.23302410766639572
-0.058379540136727325
0.038813129965799865
0.3809253240586562
-0.1307778515558406
0.012589129189137618
-0.048765100669802955
0.17518139155372503
0.09809230343403662
0.24987262654369713
-0.026134814080415087
-0.1346547917649598
0.2005441080317723
-0.007287682594025947
-0.1399273835255613
0.12198989587745787
-0.3583523193987609
0.06647554014205573
-0.05177553288024099
-0.10967808554119926
-0.20467325240090467
0.3114825875949562
-0.0185508181484066
-0.014456313959474573
-0.026502695116229616
0.08683771863296312
0.06388506063163923
-0.1584378641809487
0.34068662936622407
0.07756957832899383
0.003044989092501914
0.04802614806011983
0.13562724587852965
-0.1889365049770438
-0.036622427839816445
0.1307840151355898
-0.059698976710370305
0.13812913194177767
0.029279579824055574
0.05833871976767299
-0.12243945348929719
-0.036642130146298794
0.1353463208268849
0.1129261071600725
0.03385441155662823
0.14549271073817627
0.0174473042861196
-0.04611743225170904
-0.19139395978948232
0.005103114316715805
-0.09359556262657774
-0.05549242677634294
-0.019900447507655718
-0.15746679065201363
0.15825422178912152
-0.057988190519235316
-0.2889132206711642
0.020339864350981056
-0.06358575829485394
0.19427421784712653
-0.2924605344570455
-0.05605877487651425
0.37705572667776766
-0.2615391881505034
0.12447136177277122
0.04184779024650573
-0.0899359604111208
-0.20574573979254918
-0.12816849920707488
0.06206020393299002
-0.19488114617280683
0.03540401251444594
0.18152665870451182
-0.14282844778192283
-0.06106929014098149
-0.2636465338539178
-0.14193686451648818
0.05812010041865751
-0.1279571426854352
0.2587283217565515
-0.020326329952792977
-0.04658923862915504
0.18467314706526222
-0.04450326217061168
0.026637906964815106
-0.27689628025519
0.17082154638857183
-0.3126383272041808
0.15184332636135703
-0.06018830485997166
0.2861277993796381
0.08033547856281996
0.2512048353285237
0.05312549623158595
-0.15560176396720582
0.28939898462402186
-0.10925110595013889
0.127348721251908
-0.15642056855665337
0.18423000768589715
0.11526027669906004
-0.06342274900258249
0.21711058997359947
0.11815485000129222
0.014630474927075683
0.3973339265656437
0.06975557952124078
-0.23264535940952213
-0.2109628181746758
-0.09384307315488735
-0.3139957798393909
0.04254562599445767
-0.3331364009666798
-0.16995237022755788
-0.05236713866524753
0.4271432252826121
0.01473042594654973
-0.08159785127894922
-0.2202623706502726
-0.0886002489672208
0.2720623902307705
-0.12869774738936843
0.03075642983534002
0.16623363136377872
-0.08147967139922044
-0.20943836079904096

1.5506202544202097E-8
